[0.030s] Invoking command in '/home/faseel98/task_ws/build/conv_pkg': CMAKE_PREFIX_PATH=${CMAKE_PREFIX_PATH}:/home/faseel98/ros2_ws/install/my_py_pkg:/opt/ros/foxy /usr/bin/cmake /home/faseel98/task_ws/src/conv_pkg -DCMAKE_INSTALL_PREFIX=/home/faseel98/task_ws/install/conv_pkg
[0.103s] -- The C compiler identification is GNU 9.4.0
[0.187s] -- The CXX compiler identification is GNU 9.4.0
[0.195s] -- Check for working C compiler: /usr/bin/cc
[0.295s] -- Check for working C compiler: /usr/bin/cc -- works
[0.296s] -- Detecting C compiler ABI info
[0.392s] -- Detecting C compiler ABI info - done
[0.415s] -- Detecting C compile features
[0.415s] -- Detecting C compile features - done
[0.420s] -- Check for working CXX compiler: /usr/bin/c++
[0.548s] -- Check for working CXX compiler: /usr/bin/c++ -- works
[0.549s] -- Detecting CXX compiler ABI info
[0.722s] -- Detecting CXX compiler ABI info - done
[0.746s] -- Detecting CXX compile features
[0.747s] -- Detecting CXX compile features - done
[0.750s] -- Found ament_cmake: 0.9.9 (/opt/ros/foxy/share/ament_cmake/cmake)
[0.794s] -- Found PythonInterp: /usr/bin/python3 (found suitable version "3.8.10", minimum required is "3") 
[0.794s] -- Using PYTHON_EXECUTABLE: /usr/bin/python3
[1.139s] -- Found rclcpp: 2.4.1 (/opt/ros/foxy/share/rclcpp/cmake)
[1.233s] -- Using all available rosidl_typesupport_c: rosidl_typesupport_fastrtps_c;rosidl_typesupport_introspection_c
[1.245s] -- Found rosidl_adapter: 1.2.1 (/opt/ros/foxy/share/rosidl_adapter/cmake)
[1.347s] -- Found OpenSSL: /usr/lib/x86_64-linux-gnu/libcrypto.so (found version "1.1.1f")  
[1.389s] -- Found FastRTPS: /opt/ros/foxy/include  
[1.506s] -- Using all available rosidl_typesupport_cpp: rosidl_typesupport_fastrtps_cpp;rosidl_typesupport_introspection_cpp
[1.608s] -- Found rmw_implementation_cmake: 1.0.3 (/opt/ros/foxy/share/rmw_implementation_cmake/cmake)
[1.611s] -- Using RMW implementation 'rmw_fastrtps_cpp' as default
[1.628s] -- Looking for pthread.h
[1.728s] -- Looking for pthread.h - found
[1.728s] -- Performing Test CMAKE_HAVE_LIBC_PTHREAD
[1.821s] -- Performing Test CMAKE_HAVE_LIBC_PTHREAD - Failed
[1.821s] -- Looking for pthread_create in pthreads
[1.919s] -- Looking for pthread_create in pthreads - not found
[1.919s] -- Looking for pthread_create in pthread
[2.013s] -- Looking for pthread_create in pthread - found
[2.015s] -- Found Threads: TRUE  
[2.381s] -- Found ament_lint_auto: 0.9.6 (/opt/ros/foxy/share/ament_lint_auto/cmake)
[2.720s] -- Added test 'copyright' to check source files copyright and LICENSE
[2.724s] -- Added test 'lint_cmake' to check CMake code style
[2.727s] -- Added test 'xmllint' to check XML markup files
[2.731s] -- Configuring done
[2.734s] -- Generating done
[2.737s] -- Build files have been written to: /home/faseel98/task_ws/build/conv_pkg
[2.750s] Invoked command in '/home/faseel98/task_ws/build/conv_pkg' returned '0': CMAKE_PREFIX_PATH=${CMAKE_PREFIX_PATH}:/home/faseel98/ros2_ws/install/my_py_pkg:/opt/ros/foxy /usr/bin/cmake /home/faseel98/task_ws/src/conv_pkg -DCMAKE_INSTALL_PREFIX=/home/faseel98/task_ws/install/conv_pkg
[2.751s] Invoking command in '/home/faseel98/task_ws/build/conv_pkg': CMAKE_PREFIX_PATH=${CMAKE_PREFIX_PATH}:/home/faseel98/ros2_ws/install/my_py_pkg:/opt/ros/foxy /usr/bin/cmake --build /home/faseel98/task_ws/build/conv_pkg -- -j5 -l5
[2.803s] Invoked command in '/home/faseel98/task_ws/build/conv_pkg' returned '0': CMAKE_PREFIX_PATH=${CMAKE_PREFIX_PATH}:/home/faseel98/ros2_ws/install/my_py_pkg:/opt/ros/foxy /usr/bin/cmake --build /home/faseel98/task_ws/build/conv_pkg -- -j5 -l5
[2.844s] Invoking command in '/home/faseel98/task_ws/build/conv_pkg': CMAKE_PREFIX_PATH=${CMAKE_PREFIX_PATH}:/home/faseel98/ros2_ws/install/my_py_pkg:/opt/ros/foxy /usr/bin/cmake --install /home/faseel98/task_ws/build/conv_pkg
[2.853s] -- Install configuration: ""
[2.853s] -- Installing: /home/faseel98/task_ws/install/conv_pkg/share/ament_index/resource_index/package_run_dependencies/conv_pkg
[2.853s] -- Installing: /home/faseel98/task_ws/install/conv_pkg/share/ament_index/resource_index/parent_prefix_path/conv_pkg
[2.854s] -- Installing: /home/faseel98/task_ws/install/conv_pkg/share/conv_pkg/environment/ament_prefix_path.sh
[2.854s] -- Installing: /home/faseel98/task_ws/install/conv_pkg/share/conv_pkg/environment/ament_prefix_path.dsv
[2.854s] -- Installing: /home/faseel98/task_ws/install/conv_pkg/share/conv_pkg/environment/path.sh
[2.854s] -- Installing: /home/faseel98/task_ws/install/conv_pkg/share/conv_pkg/environment/path.dsv
[2.854s] -- Installing: /home/faseel98/task_ws/install/conv_pkg/share/conv_pkg/local_setup.bash
[2.854s] -- Installing: /home/faseel98/task_ws/install/conv_pkg/share/conv_pkg/local_setup.sh
[2.854s] -- Installing: /home/faseel98/task_ws/install/conv_pkg/share/conv_pkg/local_setup.zsh
[2.855s] -- Installing: /home/faseel98/task_ws/install/conv_pkg/share/conv_pkg/local_setup.dsv
[2.855s] -- Installing: /home/faseel98/task_ws/install/conv_pkg/share/conv_pkg/package.dsv
[2.855s] -- Installing: /home/faseel98/task_ws/install/conv_pkg/share/ament_index/resource_index/packages/conv_pkg
[2.855s] -- Installing: /home/faseel98/task_ws/install/conv_pkg/share/conv_pkg/cmake/conv_pkgConfig.cmake
[2.855s] -- Installing: /home/faseel98/task_ws/install/conv_pkg/share/conv_pkg/cmake/conv_pkgConfig-version.cmake
[2.855s] -- Installing: /home/faseel98/task_ws/install/conv_pkg/share/conv_pkg/package.xml
[2.858s] Invoked command in '/home/faseel98/task_ws/build/conv_pkg' returned '0': CMAKE_PREFIX_PATH=${CMAKE_PREFIX_PATH}:/home/faseel98/ros2_ws/install/my_py_pkg:/opt/ros/foxy /usr/bin/cmake --install /home/faseel98/task_ws/build/conv_pkg
