[0.024s] Invoking command in '/home/faseel98/task_ws/build/conv_pkg': CMAKE_PREFIX_PATH=${CMAKE_PREFIX_PATH}:/home/faseel98/ros2_ws/install/my_py_pkg:/opt/ros/foxy /usr/bin/cmake --build /home/faseel98/task_ws/build/conv_pkg -- -j5 -l5
[0.067s] -- Found ament_cmake: 0.9.9 (/opt/ros/foxy/share/ament_cmake/cmake)
[0.107s] -- Using PYTHON_EXECUTABLE: /usr/bin/python3
[0.375s] -- Found rclcpp: 2.4.1 (/opt/ros/foxy/share/rclcpp/cmake)
[0.432s] -- Using all available rosidl_typesupport_c: rosidl_typesupport_fastrtps_c;rosidl_typesupport_introspection_c
[0.438s] -- Found rosidl_adapter: 1.2.1 (/opt/ros/foxy/share/rosidl_adapter/cmake)
[0.609s] -- Using all available rosidl_typesupport_cpp: rosidl_typesupport_fastrtps_cpp;rosidl_typesupport_introspection_cpp
[0.696s] -- Found rmw_implementation_cmake: 1.0.3 (/opt/ros/foxy/share/rmw_implementation_cmake/cmake)
[0.699s] -- Using RMW implementation 'rmw_fastrtps_cpp' as default
[0.969s] -- Found sensor_msgs: 0.0.0 (/home/faseel98/topas_ws/install/sensor_msgs/share/sensor_msgs/cmake)
[1.071s] -- Configuring done
[1.084s] -- Generating done
[1.087s] -- Build files have been written to: /home/faseel98/task_ws/build/conv_pkg
[1.122s] [35m[1mScanning dependencies of target cpp_conv_node[0m
[1.158s] [ 50%] [32mBuilding CXX object CMakeFiles/cpp_conv_node.dir/src/conversion_node.cpp.o[0m
[7.012s] [100%] [32m[1mLinking CXX executable cpp_conv_node[0m
[7.306s] [100%] Built target cpp_conv_node
[7.319s] Invoked command in '/home/faseel98/task_ws/build/conv_pkg' returned '0': CMAKE_PREFIX_PATH=${CMAKE_PREFIX_PATH}:/home/faseel98/ros2_ws/install/my_py_pkg:/opt/ros/foxy /usr/bin/cmake --build /home/faseel98/task_ws/build/conv_pkg -- -j5 -l5
[7.365s] Invoking command in '/home/faseel98/task_ws/build/conv_pkg': CMAKE_PREFIX_PATH=${CMAKE_PREFIX_PATH}:/home/faseel98/ros2_ws/install/my_py_pkg:/opt/ros/foxy /usr/bin/cmake --install /home/faseel98/task_ws/build/conv_pkg
[7.374s] -- Install configuration: ""
[7.375s] -- Installing: /home/faseel98/task_ws/install/conv_pkg/lib/conv_pkg/cpp_conv_node
[7.377s] -- Set runtime path of "/home/faseel98/task_ws/install/conv_pkg/lib/conv_pkg/cpp_conv_node" to ""
[7.377s] -- Up-to-date: /home/faseel98/task_ws/install/conv_pkg/share/ament_index/resource_index/package_run_dependencies/conv_pkg
[7.377s] -- Up-to-date: /home/faseel98/task_ws/install/conv_pkg/share/ament_index/resource_index/parent_prefix_path/conv_pkg
[7.377s] -- Up-to-date: /home/faseel98/task_ws/install/conv_pkg/share/conv_pkg/environment/ament_prefix_path.sh
[7.377s] -- Installing: /home/faseel98/task_ws/install/conv_pkg/share/conv_pkg/environment/ament_prefix_path.dsv
[7.377s] -- Up-to-date: /home/faseel98/task_ws/install/conv_pkg/share/conv_pkg/environment/path.sh
[7.378s] -- Installing: /home/faseel98/task_ws/install/conv_pkg/share/conv_pkg/environment/path.dsv
[7.378s] -- Up-to-date: /home/faseel98/task_ws/install/conv_pkg/share/conv_pkg/local_setup.bash
[7.378s] -- Up-to-date: /home/faseel98/task_ws/install/conv_pkg/share/conv_pkg/local_setup.sh
[7.378s] -- Up-to-date: /home/faseel98/task_ws/install/conv_pkg/share/conv_pkg/local_setup.zsh
[7.378s] -- Installing: /home/faseel98/task_ws/install/conv_pkg/share/conv_pkg/local_setup.dsv
[7.378s] -- Installing: /home/faseel98/task_ws/install/conv_pkg/share/conv_pkg/package.dsv
[7.379s] -- Up-to-date: /home/faseel98/task_ws/install/conv_pkg/share/ament_index/resource_index/packages/conv_pkg
[7.379s] -- Up-to-date: /home/faseel98/task_ws/install/conv_pkg/share/conv_pkg/cmake/conv_pkgConfig.cmake
[7.379s] -- Up-to-date: /home/faseel98/task_ws/install/conv_pkg/share/conv_pkg/cmake/conv_pkgConfig-version.cmake
[7.379s] -- Up-to-date: /home/faseel98/task_ws/install/conv_pkg/share/conv_pkg/package.xml
[7.381s] Invoked command in '/home/faseel98/task_ws/build/conv_pkg' returned '0': CMAKE_PREFIX_PATH=${CMAKE_PREFIX_PATH}:/home/faseel98/ros2_ws/install/my_py_pkg:/opt/ros/foxy /usr/bin/cmake --install /home/faseel98/task_ws/build/conv_pkg
