[0.025s] Invoking command in '/home/faseel98/task_ws/build/conv_pkg': CMAKE_PREFIX_PATH=${CMAKE_PREFIX_PATH}:/home/faseel98/ros2_ws/install/my_py_pkg:/opt/ros/foxy /usr/bin/cmake --build /home/faseel98/task_ws/build/conv_pkg -- -j5 -l5
[0.077s] [35m[1mScanning dependencies of target cpp_conv_node[0m
[0.109s] [ 50%] [32mBuilding CXX object CMakeFiles/cpp_conv_node.dir/src/conversion_node.cpp.o[0m
[6.030s] [100%] [32m[1mLinking CXX executable cpp_conv_node[0m
[6.324s] [100%] Built target cpp_conv_node
[6.338s] Invoked command in '/home/faseel98/task_ws/build/conv_pkg' returned '0': CMAKE_PREFIX_PATH=${CMAKE_PREFIX_PATH}:/home/faseel98/ros2_ws/install/my_py_pkg:/opt/ros/foxy /usr/bin/cmake --build /home/faseel98/task_ws/build/conv_pkg -- -j5 -l5
[6.384s] Invoking command in '/home/faseel98/task_ws/build/conv_pkg': CMAKE_PREFIX_PATH=${CMAKE_PREFIX_PATH}:/home/faseel98/ros2_ws/install/my_py_pkg:/opt/ros/foxy /usr/bin/cmake --install /home/faseel98/task_ws/build/conv_pkg
[6.394s] -- Install configuration: ""
[6.394s] -- Installing: /home/faseel98/task_ws/install/conv_pkg/lib/conv_pkg/cpp_conv_node
[6.397s] -- Set runtime path of "/home/faseel98/task_ws/install/conv_pkg/lib/conv_pkg/cpp_conv_node" to ""
[6.397s] -- Up-to-date: /home/faseel98/task_ws/install/conv_pkg/share/ament_index/resource_index/package_run_dependencies/conv_pkg
[6.397s] -- Up-to-date: /home/faseel98/task_ws/install/conv_pkg/share/ament_index/resource_index/parent_prefix_path/conv_pkg
[6.397s] -- Up-to-date: /home/faseel98/task_ws/install/conv_pkg/share/conv_pkg/environment/ament_prefix_path.sh
[6.398s] -- Up-to-date: /home/faseel98/task_ws/install/conv_pkg/share/conv_pkg/environment/ament_prefix_path.dsv
[6.398s] -- Up-to-date: /home/faseel98/task_ws/install/conv_pkg/share/conv_pkg/environment/path.sh
[6.398s] -- Up-to-date: /home/faseel98/task_ws/install/conv_pkg/share/conv_pkg/environment/path.dsv
[6.398s] -- Up-to-date: /home/faseel98/task_ws/install/conv_pkg/share/conv_pkg/local_setup.bash
[6.398s] -- Up-to-date: /home/faseel98/task_ws/install/conv_pkg/share/conv_pkg/local_setup.sh
[6.398s] -- Up-to-date: /home/faseel98/task_ws/install/conv_pkg/share/conv_pkg/local_setup.zsh
[6.398s] -- Up-to-date: /home/faseel98/task_ws/install/conv_pkg/share/conv_pkg/local_setup.dsv
[6.398s] -- Installing: /home/faseel98/task_ws/install/conv_pkg/share/conv_pkg/package.dsv
[6.399s] -- Up-to-date: /home/faseel98/task_ws/install/conv_pkg/share/ament_index/resource_index/packages/conv_pkg
[6.399s] -- Up-to-date: /home/faseel98/task_ws/install/conv_pkg/share/conv_pkg/cmake/conv_pkgConfig.cmake
[6.399s] -- Up-to-date: /home/faseel98/task_ws/install/conv_pkg/share/conv_pkg/cmake/conv_pkgConfig-version.cmake
[6.399s] -- Up-to-date: /home/faseel98/task_ws/install/conv_pkg/share/conv_pkg/package.xml
[6.400s] Invoked command in '/home/faseel98/task_ws/build/conv_pkg' returned '0': CMAKE_PREFIX_PATH=${CMAKE_PREFIX_PATH}:/home/faseel98/ros2_ws/install/my_py_pkg:/opt/ros/foxy /usr/bin/cmake --install /home/faseel98/task_ws/build/conv_pkg
