[0.229s] DEBUG:colcon:Command line arguments: ['/usr/bin/colcon', 'build']
[0.230s] DEBUG:colcon:Parsed command line arguments: Namespace(allow_overriding=[], ament_cmake_args=None, base_paths=['.'], build_base='build', catkin_cmake_args=None, catkin_skip_building_tests=False, cmake_args=None, cmake_clean_cache=False, cmake_clean_first=False, cmake_force_configure=False, cmake_target=None, cmake_target_skip_unavailable=False, continue_on_error=False, event_handlers=None, executor='parallel', ignore_user_meta=False, install_base='install', log_base=None, log_level=None, main=<bound method BuildVerb.main of <colcon_core.verb.build.BuildVerb object at 0x7f23a36ae790>>, merge_install=False, metas=['./colcon.meta'], packages_above=None, packages_above_and_dependencies=None, packages_above_depth=None, packages_end=None, packages_ignore=None, packages_ignore_regex=None, packages_select=None, packages_select_build_failed=False, packages_select_by_dep=None, packages_select_regex=None, packages_select_test_failures=False, packages_skip=None, packages_skip_build_finished=False, packages_skip_by_dep=None, packages_skip_regex=None, packages_skip_test_passed=False, packages_skip_up_to=None, packages_start=None, packages_up_to=None, packages_up_to_regex=None, parallel_workers=5, paths=None, symlink_install=False, test_result_base=None, verb_extension=<colcon_core.verb.build.BuildVerb object at 0x7f23a36ae790>, verb_name='build', verb_parser=<colcon_defaults.argument_parser.defaults.DefaultArgumentsDecorator object at 0x7f23a36aed00>)
[0.265s] Level 1:colcon.colcon_core.package_discovery:discover_packages(colcon_meta) check parameters
[0.265s] Level 1:colcon.colcon_core.package_discovery:discover_packages(recursive) check parameters
[0.265s] Level 1:colcon.colcon_core.package_discovery:discover_packages(ignore) check parameters
[0.265s] Level 1:colcon.colcon_core.package_discovery:discover_packages(path) check parameters
[0.265s] Level 1:colcon.colcon_core.package_discovery:discover_packages(colcon_meta) discover
[0.265s] Level 1:colcon.colcon_core.package_discovery:discover_packages(recursive) discover
[0.265s] INFO:colcon.colcon_core.package_discovery:Crawling recursively for packages in '/home/faseel98/task_ws'
[0.266s] Level 1:colcon.colcon_core.package_identification:_identify(.) by extensions ['ignore', 'ignore_ament_install']
[0.266s] Level 1:colcon.colcon_core.package_identification:_identify(.) by extension 'ignore'
[0.266s] Level 1:colcon.colcon_core.package_identification:_identify(.) by extension 'ignore_ament_install'
[0.266s] Level 1:colcon.colcon_core.package_identification:_identify(.) by extensions ['colcon_pkg']
[0.266s] Level 1:colcon.colcon_core.package_identification:_identify(.) by extension 'colcon_pkg'
[0.266s] Level 1:colcon.colcon_core.package_identification:_identify(.) by extensions ['colcon_meta']
[0.266s] Level 1:colcon.colcon_core.package_identification:_identify(.) by extension 'colcon_meta'
[0.266s] Level 1:colcon.colcon_core.package_identification:_identify(.) by extensions ['ros']
[0.266s] Level 1:colcon.colcon_core.package_identification:_identify(.) by extension 'ros'
[0.283s] Level 1:colcon.colcon_core.package_identification:_identify(.) by extensions ['cmake', 'python']
[0.283s] Level 1:colcon.colcon_core.package_identification:_identify(.) by extension 'cmake'
[0.283s] Level 1:colcon.colcon_core.package_identification:_identify(.) by extension 'python'
[0.283s] Level 1:colcon.colcon_core.package_identification:_identify(.) by extensions ['python_setup_py']
[0.283s] Level 1:colcon.colcon_core.package_identification:_identify(.) by extension 'python_setup_py'
[0.283s] Level 1:colcon.colcon_core.package_identification:_identify(build) by extensions ['ignore', 'ignore_ament_install']
[0.283s] Level 1:colcon.colcon_core.package_identification:_identify(build) by extension 'ignore'
[0.283s] Level 1:colcon.colcon_core.package_identification:_identify(build) ignored
[0.283s] Level 1:colcon.colcon_core.package_identification:_identify(install) by extensions ['ignore', 'ignore_ament_install']
[0.283s] Level 1:colcon.colcon_core.package_identification:_identify(install) by extension 'ignore'
[0.284s] Level 1:colcon.colcon_core.package_identification:_identify(install) ignored
[0.284s] Level 1:colcon.colcon_core.package_identification:_identify(log) by extensions ['ignore', 'ignore_ament_install']
[0.284s] Level 1:colcon.colcon_core.package_identification:_identify(log) by extension 'ignore'
[0.284s] Level 1:colcon.colcon_core.package_identification:_identify(log) ignored
[0.284s] Level 1:colcon.colcon_core.package_identification:_identify(src) by extensions ['ignore', 'ignore_ament_install']
[0.284s] Level 1:colcon.colcon_core.package_identification:_identify(src) by extension 'ignore'
[0.284s] Level 1:colcon.colcon_core.package_identification:_identify(src) by extension 'ignore_ament_install'
[0.284s] Level 1:colcon.colcon_core.package_identification:_identify(src) by extensions ['colcon_pkg']
[0.284s] Level 1:colcon.colcon_core.package_identification:_identify(src) by extension 'colcon_pkg'
[0.284s] Level 1:colcon.colcon_core.package_identification:_identify(src) by extensions ['colcon_meta']
[0.284s] Level 1:colcon.colcon_core.package_identification:_identify(src) by extension 'colcon_meta'
[0.284s] Level 1:colcon.colcon_core.package_identification:_identify(src) by extensions ['ros']
[0.284s] Level 1:colcon.colcon_core.package_identification:_identify(src) by extension 'ros'
[0.285s] Level 1:colcon.colcon_core.package_identification:_identify(src) by extensions ['cmake', 'python']
[0.285s] Level 1:colcon.colcon_core.package_identification:_identify(src) by extension 'cmake'
[0.285s] Level 1:colcon.colcon_core.package_identification:_identify(src) by extension 'python'
[0.285s] Level 1:colcon.colcon_core.package_identification:_identify(src) by extensions ['python_setup_py']
[0.285s] Level 1:colcon.colcon_core.package_identification:_identify(src) by extension 'python_setup_py'
[0.285s] Level 1:colcon.colcon_core.package_identification:_identify(src/conv_pkg) by extensions ['ignore', 'ignore_ament_install']
[0.285s] Level 1:colcon.colcon_core.package_identification:_identify(src/conv_pkg) by extension 'ignore'
[0.285s] Level 1:colcon.colcon_core.package_identification:_identify(src/conv_pkg) by extension 'ignore_ament_install'
[0.285s] Level 1:colcon.colcon_core.package_identification:_identify(src/conv_pkg) by extensions ['colcon_pkg']
[0.285s] Level 1:colcon.colcon_core.package_identification:_identify(src/conv_pkg) by extension 'colcon_pkg'
[0.285s] Level 1:colcon.colcon_core.package_identification:_identify(src/conv_pkg) by extensions ['colcon_meta']
[0.285s] Level 1:colcon.colcon_core.package_identification:_identify(src/conv_pkg) by extension 'colcon_meta'
[0.285s] Level 1:colcon.colcon_core.package_identification:_identify(src/conv_pkg) by extensions ['ros']
[0.285s] Level 1:colcon.colcon_core.package_identification:_identify(src/conv_pkg) by extension 'ros'
[0.289s] DEBUG:colcon.colcon_core.package_identification:Package 'src/conv_pkg' with type 'ros.ament_cmake' and name 'conv_pkg'
[0.289s] Level 1:colcon.colcon_core.package_discovery:discover_packages(recursive) using defaults
[0.289s] Level 1:colcon.colcon_core.package_discovery:discover_packages(ignore) discover
[0.289s] Level 1:colcon.colcon_core.package_discovery:discover_packages(ignore) using defaults
[0.289s] Level 1:colcon.colcon_core.package_discovery:discover_packages(path) discover
[0.289s] Level 1:colcon.colcon_core.package_discovery:discover_packages(path) using defaults
[0.332s] Level 1:colcon.colcon_core.package_discovery:discover_packages(prefix_path) check parameters
[0.332s] Level 1:colcon.colcon_core.package_discovery:discover_packages(prefix_path) discover
[0.336s] DEBUG:colcon.colcon_installed_package_information.package_discovery:Found 1 installed packages in /home/faseel98/task_ws/install
[0.337s] DEBUG:colcon.colcon_installed_package_information.package_discovery:Found 4 installed packages in /home/faseel98/topas_ws/install
[0.339s] DEBUG:colcon.colcon_installed_package_information.package_discovery:Found 3 installed packages in /home/faseel98/ros2_ws/install
[0.342s] DEBUG:colcon.colcon_installed_package_information.package_discovery:Found 256 installed packages in /opt/ros/foxy
[0.345s] Level 1:colcon.colcon_core.package_discovery:discover_packages(prefix_path) using defaults
[0.449s] Level 5:colcon.colcon_core.verb:set package 'conv_pkg' build argument 'cmake_args' from command line to 'None'
[0.449s] Level 5:colcon.colcon_core.verb:set package 'conv_pkg' build argument 'cmake_target' from command line to 'None'
[0.449s] Level 5:colcon.colcon_core.verb:set package 'conv_pkg' build argument 'cmake_target_skip_unavailable' from command line to 'False'
[0.450s] Level 5:colcon.colcon_core.verb:set package 'conv_pkg' build argument 'cmake_clean_cache' from command line to 'False'
[0.450s] Level 5:colcon.colcon_core.verb:set package 'conv_pkg' build argument 'cmake_clean_first' from command line to 'False'
[0.450s] Level 5:colcon.colcon_core.verb:set package 'conv_pkg' build argument 'cmake_force_configure' from command line to 'False'
[0.450s] Level 5:colcon.colcon_core.verb:set package 'conv_pkg' build argument 'ament_cmake_args' from command line to 'None'
[0.450s] Level 5:colcon.colcon_core.verb:set package 'conv_pkg' build argument 'catkin_cmake_args' from command line to 'None'
[0.450s] Level 5:colcon.colcon_core.verb:set package 'conv_pkg' build argument 'catkin_skip_building_tests' from command line to 'False'
[0.450s] DEBUG:colcon.colcon_core.verb:Building package 'conv_pkg' with the following arguments: {'ament_cmake_args': None, 'build_base': '/home/faseel98/task_ws/build/conv_pkg', 'catkin_cmake_args': None, 'catkin_skip_building_tests': False, 'cmake_args': None, 'cmake_clean_cache': False, 'cmake_clean_first': False, 'cmake_force_configure': False, 'cmake_target': None, 'cmake_target_skip_unavailable': False, 'install_base': '/home/faseel98/task_ws/install/conv_pkg', 'merge_install': False, 'path': '/home/faseel98/task_ws/src/conv_pkg', 'symlink_install': False, 'test_result_base': None}
[0.451s] INFO:colcon.colcon_core.executor:Executing jobs using 'parallel' executor
[0.458s] DEBUG:colcon.colcon_parallel_executor.executor.parallel:run_until_complete
[0.459s] INFO:colcon.colcon_ros.task.ament_cmake.build:Building ROS package in '/home/faseel98/task_ws/src/conv_pkg' with build type 'ament_cmake'
[0.459s] INFO:colcon.colcon_cmake.task.cmake.build:Building CMake package in '/home/faseel98/task_ws/src/conv_pkg'
[0.466s] INFO:colcon.colcon_core.plugin_system:Skipping extension 'colcon_core.shell.bat': Not used on non-Windows systems
[0.466s] INFO:colcon.colcon_core.shell:Skip shell extension 'powershell' for command environment: Not usable outside of PowerShell
[0.466s] DEBUG:colcon.colcon_core.shell:Skip shell extension 'dsv' for command environment
[0.486s] DEBUG:colcon.colcon_core.event_handler.log_command:Invoking command in '/home/faseel98/task_ws/build/conv_pkg': CMAKE_PREFIX_PATH=${CMAKE_PREFIX_PATH}:/home/faseel98/ros2_ws/install/my_py_pkg:/opt/ros/foxy /usr/bin/cmake --build /home/faseel98/task_ws/build/conv_pkg -- -j5 -l5
[7.780s] DEBUG:colcon.colcon_core.event_handler.log_command:Invoked command in '/home/faseel98/task_ws/build/conv_pkg' returned '0': CMAKE_PREFIX_PATH=${CMAKE_PREFIX_PATH}:/home/faseel98/ros2_ws/install/my_py_pkg:/opt/ros/foxy /usr/bin/cmake --build /home/faseel98/task_ws/build/conv_pkg -- -j5 -l5
[7.827s] DEBUG:colcon.colcon_core.event_handler.log_command:Invoking command in '/home/faseel98/task_ws/build/conv_pkg': CMAKE_PREFIX_PATH=${CMAKE_PREFIX_PATH}:/home/faseel98/ros2_ws/install/my_py_pkg:/opt/ros/foxy /usr/bin/cmake --install /home/faseel98/task_ws/build/conv_pkg
[7.841s] Level 1:colcon.colcon_core.environment:create_environment_scripts_only(conv_pkg)
[7.842s] DEBUG:colcon.colcon_core.event_handler.log_command:Invoked command in '/home/faseel98/task_ws/build/conv_pkg' returned '0': CMAKE_PREFIX_PATH=${CMAKE_PREFIX_PATH}:/home/faseel98/ros2_ws/install/my_py_pkg:/opt/ros/foxy /usr/bin/cmake --install /home/faseel98/task_ws/build/conv_pkg
[7.850s] Level 1:colcon.colcon_core.environment:checking '/home/faseel98/task_ws/install/conv_pkg' for CMake module files
[7.851s] Level 1:colcon.colcon_core.environment:checking '/home/faseel98/task_ws/install/conv_pkg' for CMake config files
[7.851s] Level 1:colcon.colcon_core.shell:create_environment_hook('conv_pkg', 'cmake_prefix_path')
[7.854s] INFO:colcon.colcon_core.shell:Creating environment hook '/home/faseel98/task_ws/install/conv_pkg/share/conv_pkg/hook/cmake_prefix_path.ps1'
[7.855s] INFO:colcon.colcon_core.shell:Creating environment descriptor '/home/faseel98/task_ws/install/conv_pkg/share/conv_pkg/hook/cmake_prefix_path.dsv'
[7.859s] INFO:colcon.colcon_core.shell:Creating environment hook '/home/faseel98/task_ws/install/conv_pkg/share/conv_pkg/hook/cmake_prefix_path.sh'
[7.862s] Level 1:colcon.colcon_core.environment:checking '/home/faseel98/task_ws/install/conv_pkg/lib'
[7.862s] Level 1:colcon.colcon_core.environment:checking '/home/faseel98/task_ws/install/conv_pkg/bin'
[7.862s] Level 1:colcon.colcon_core.environment:checking '/home/faseel98/task_ws/install/conv_pkg/lib/pkgconfig/conv_pkg.pc'
[7.863s] Level 1:colcon.colcon_core.environment:checking '/home/faseel98/task_ws/install/conv_pkg/lib/python3.8/site-packages'
[7.863s] Level 1:colcon.colcon_core.environment:checking '/home/faseel98/task_ws/install/conv_pkg/bin'
[7.866s] INFO:colcon.colcon_core.shell:Creating package script '/home/faseel98/task_ws/install/conv_pkg/share/conv_pkg/package.ps1'
[7.868s] INFO:colcon.colcon_core.shell:Creating package descriptor '/home/faseel98/task_ws/install/conv_pkg/share/conv_pkg/package.dsv'
[7.868s] INFO:colcon.colcon_core.shell:Creating package script '/home/faseel98/task_ws/install/conv_pkg/share/conv_pkg/package.sh'
[7.869s] INFO:colcon.colcon_core.shell:Creating package script '/home/faseel98/task_ws/install/conv_pkg/share/conv_pkg/package.bash'
[7.871s] INFO:colcon.colcon_core.shell:Creating package script '/home/faseel98/task_ws/install/conv_pkg/share/conv_pkg/package.zsh'
[7.872s] Level 1:colcon.colcon_core.environment:create_file_with_runtime_dependencies(/home/faseel98/task_ws/install/conv_pkg/share/colcon-core/packages/conv_pkg)
[7.905s] Level 1:colcon.colcon_core.environment:create_environment_scripts_only(conv_pkg)
[7.908s] Level 1:colcon.colcon_core.environment:checking '/home/faseel98/task_ws/install/conv_pkg' for CMake module files
[7.909s] Level 1:colcon.colcon_core.environment:checking '/home/faseel98/task_ws/install/conv_pkg' for CMake config files
[7.910s] Level 1:colcon.colcon_core.shell:create_environment_hook('conv_pkg', 'cmake_prefix_path')
[7.912s] INFO:colcon.colcon_core.shell:Creating environment hook '/home/faseel98/task_ws/install/conv_pkg/share/conv_pkg/hook/cmake_prefix_path.ps1'
[7.913s] INFO:colcon.colcon_core.shell:Creating environment descriptor '/home/faseel98/task_ws/install/conv_pkg/share/conv_pkg/hook/cmake_prefix_path.dsv'
[7.913s] INFO:colcon.colcon_core.shell:Creating environment hook '/home/faseel98/task_ws/install/conv_pkg/share/conv_pkg/hook/cmake_prefix_path.sh'
[7.914s] Level 1:colcon.colcon_core.environment:checking '/home/faseel98/task_ws/install/conv_pkg/lib'
[7.914s] Level 1:colcon.colcon_core.environment:checking '/home/faseel98/task_ws/install/conv_pkg/bin'
[7.914s] Level 1:colcon.colcon_core.environment:checking '/home/faseel98/task_ws/install/conv_pkg/lib/pkgconfig/conv_pkg.pc'
[7.914s] Level 1:colcon.colcon_core.environment:checking '/home/faseel98/task_ws/install/conv_pkg/lib/python3.8/site-packages'
[7.915s] Level 1:colcon.colcon_core.environment:checking '/home/faseel98/task_ws/install/conv_pkg/bin'
[7.917s] INFO:colcon.colcon_core.shell:Creating package script '/home/faseel98/task_ws/install/conv_pkg/share/conv_pkg/package.ps1'
[7.918s] INFO:colcon.colcon_core.shell:Creating package descriptor '/home/faseel98/task_ws/install/conv_pkg/share/conv_pkg/package.dsv'
[7.918s] INFO:colcon.colcon_core.shell:Creating package script '/home/faseel98/task_ws/install/conv_pkg/share/conv_pkg/package.sh'
[7.919s] INFO:colcon.colcon_core.shell:Creating package script '/home/faseel98/task_ws/install/conv_pkg/share/conv_pkg/package.bash'
[7.919s] INFO:colcon.colcon_core.shell:Creating package script '/home/faseel98/task_ws/install/conv_pkg/share/conv_pkg/package.zsh'
[7.920s] Level 1:colcon.colcon_core.environment:create_file_with_runtime_dependencies(/home/faseel98/task_ws/install/conv_pkg/share/colcon-core/packages/conv_pkg)
[7.920s] DEBUG:colcon.colcon_parallel_executor.executor.parallel:closing loop
[7.921s] DEBUG:colcon.colcon_parallel_executor.executor.parallel:loop closed
[7.921s] DEBUG:colcon.colcon_parallel_executor.executor.parallel:run_until_complete finished with '0'
[7.921s] DEBUG:colcon.colcon_core.event_reactor:joining thread
[7.932s] INFO:colcon.colcon_core.plugin_system:Skipping extension 'colcon_notification.desktop_notification.terminal_notifier': Not used on non-Darwin systems
[7.932s] INFO:colcon.colcon_core.plugin_system:Skipping extension 'colcon_notification.desktop_notification.win32': Not used on non-Windows systems
[7.932s] INFO:colcon.colcon_notification.desktop_notification:Sending desktop notification using 'notify2'
[7.951s] DEBUG:colcon.colcon_core.event_reactor:joined thread
[7.954s] INFO:colcon.colcon_core.shell:Creating prefix script '/home/faseel98/task_ws/install/local_setup.ps1'
[7.955s] INFO:colcon.colcon_core.shell:Creating prefix util module '/home/faseel98/task_ws/install/_local_setup_util_ps1.py'
[7.958s] INFO:colcon.colcon_core.shell:Creating prefix chain script '/home/faseel98/task_ws/install/setup.ps1'
[7.961s] INFO:colcon.colcon_core.shell:Creating prefix script '/home/faseel98/task_ws/install/local_setup.sh'
[7.962s] INFO:colcon.colcon_core.shell:Creating prefix util module '/home/faseel98/task_ws/install/_local_setup_util_sh.py'
[7.963s] INFO:colcon.colcon_core.shell:Creating prefix chain script '/home/faseel98/task_ws/install/setup.sh'
[7.966s] INFO:colcon.colcon_core.shell:Creating prefix script '/home/faseel98/task_ws/install/local_setup.bash'
[7.966s] INFO:colcon.colcon_core.shell:Creating prefix chain script '/home/faseel98/task_ws/install/setup.bash'
[7.970s] INFO:colcon.colcon_core.shell:Creating prefix script '/home/faseel98/task_ws/install/local_setup.zsh'
[7.970s] INFO:colcon.colcon_core.shell:Creating prefix chain script '/home/faseel98/task_ws/install/setup.zsh'
