[0.238s] DEBUG:colcon:Command line arguments: ['/usr/bin/colcon', 'build']
[0.239s] DEBUG:colcon:Parsed command line arguments: Namespace(allow_overriding=[], ament_cmake_args=None, base_paths=['.'], build_base='build', catkin_cmake_args=None, catkin_skip_building_tests=False, cmake_args=None, cmake_clean_cache=False, cmake_clean_first=False, cmake_force_configure=False, cmake_target=None, cmake_target_skip_unavailable=False, continue_on_error=False, event_handlers=None, executor='parallel', ignore_user_meta=False, install_base='install', log_base=None, log_level=None, main=<bound method BuildVerb.main of <colcon_core.verb.build.BuildVerb object at 0x7f306a3b27f0>>, merge_install=False, metas=['./colcon.meta'], packages_above=None, packages_above_and_dependencies=None, packages_above_depth=None, packages_end=None, packages_ignore=None, packages_ignore_regex=None, packages_select=None, packages_select_build_failed=False, packages_select_by_dep=None, packages_select_regex=None, packages_select_test_failures=False, packages_skip=None, packages_skip_build_finished=False, packages_skip_by_dep=None, packages_skip_regex=None, packages_skip_test_passed=False, packages_skip_up_to=None, packages_start=None, packages_up_to=None, packages_up_to_regex=None, parallel_workers=5, paths=None, symlink_install=False, test_result_base=None, verb_extension=<colcon_core.verb.build.BuildVerb object at 0x7f306a3b27f0>, verb_name='build', verb_parser=<colcon_defaults.argument_parser.defaults.DefaultArgumentsDecorator object at 0x7f306a3b2d60>)
[0.275s] Level 1:colcon.colcon_core.package_discovery:discover_packages(colcon_meta) check parameters
[0.275s] Level 1:colcon.colcon_core.package_discovery:discover_packages(recursive) check parameters
[0.275s] Level 1:colcon.colcon_core.package_discovery:discover_packages(ignore) check parameters
[0.275s] Level 1:colcon.colcon_core.package_discovery:discover_packages(path) check parameters
[0.275s] Level 1:colcon.colcon_core.package_discovery:discover_packages(colcon_meta) discover
[0.275s] Level 1:colcon.colcon_core.package_discovery:discover_packages(recursive) discover
[0.275s] INFO:colcon.colcon_core.package_discovery:Crawling recursively for packages in '/home/faseel98/task_ws'
[0.275s] Level 1:colcon.colcon_core.package_identification:_identify(.) by extensions ['ignore', 'ignore_ament_install']
[0.275s] Level 1:colcon.colcon_core.package_identification:_identify(.) by extension 'ignore'
[0.275s] Level 1:colcon.colcon_core.package_identification:_identify(.) by extension 'ignore_ament_install'
[0.276s] Level 1:colcon.colcon_core.package_identification:_identify(.) by extensions ['colcon_pkg']
[0.276s] Level 1:colcon.colcon_core.package_identification:_identify(.) by extension 'colcon_pkg'
[0.276s] Level 1:colcon.colcon_core.package_identification:_identify(.) by extensions ['colcon_meta']
[0.276s] Level 1:colcon.colcon_core.package_identification:_identify(.) by extension 'colcon_meta'
[0.276s] Level 1:colcon.colcon_core.package_identification:_identify(.) by extensions ['ros']
[0.276s] Level 1:colcon.colcon_core.package_identification:_identify(.) by extension 'ros'
[0.292s] Level 1:colcon.colcon_core.package_identification:_identify(.) by extensions ['cmake', 'python']
[0.292s] Level 1:colcon.colcon_core.package_identification:_identify(.) by extension 'cmake'
[0.292s] Level 1:colcon.colcon_core.package_identification:_identify(.) by extension 'python'
[0.292s] Level 1:colcon.colcon_core.package_identification:_identify(.) by extensions ['python_setup_py']
[0.292s] Level 1:colcon.colcon_core.package_identification:_identify(.) by extension 'python_setup_py'
[0.293s] Level 1:colcon.colcon_core.package_identification:_identify(build) by extensions ['ignore', 'ignore_ament_install']
[0.293s] Level 1:colcon.colcon_core.package_identification:_identify(build) by extension 'ignore'
[0.293s] Level 1:colcon.colcon_core.package_identification:_identify(build) ignored
[0.293s] Level 1:colcon.colcon_core.package_identification:_identify(install) by extensions ['ignore', 'ignore_ament_install']
[0.293s] Level 1:colcon.colcon_core.package_identification:_identify(install) by extension 'ignore'
[0.293s] Level 1:colcon.colcon_core.package_identification:_identify(install) ignored
[0.293s] Level 1:colcon.colcon_core.package_identification:_identify(log) by extensions ['ignore', 'ignore_ament_install']
[0.293s] Level 1:colcon.colcon_core.package_identification:_identify(log) by extension 'ignore'
[0.294s] Level 1:colcon.colcon_core.package_identification:_identify(log) ignored
[0.294s] Level 1:colcon.colcon_core.package_identification:_identify(src) by extensions ['ignore', 'ignore_ament_install']
[0.294s] Level 1:colcon.colcon_core.package_identification:_identify(src) by extension 'ignore'
[0.294s] Level 1:colcon.colcon_core.package_identification:_identify(src) by extension 'ignore_ament_install'
[0.294s] Level 1:colcon.colcon_core.package_identification:_identify(src) by extensions ['colcon_pkg']
[0.294s] Level 1:colcon.colcon_core.package_identification:_identify(src) by extension 'colcon_pkg'
[0.294s] Level 1:colcon.colcon_core.package_identification:_identify(src) by extensions ['colcon_meta']
[0.294s] Level 1:colcon.colcon_core.package_identification:_identify(src) by extension 'colcon_meta'
[0.294s] Level 1:colcon.colcon_core.package_identification:_identify(src) by extensions ['ros']
[0.294s] Level 1:colcon.colcon_core.package_identification:_identify(src) by extension 'ros'
[0.294s] Level 1:colcon.colcon_core.package_identification:_identify(src) by extensions ['cmake', 'python']
[0.294s] Level 1:colcon.colcon_core.package_identification:_identify(src) by extension 'cmake'
[0.294s] Level 1:colcon.colcon_core.package_identification:_identify(src) by extension 'python'
[0.294s] Level 1:colcon.colcon_core.package_identification:_identify(src) by extensions ['python_setup_py']
[0.294s] Level 1:colcon.colcon_core.package_identification:_identify(src) by extension 'python_setup_py'
[0.295s] Level 1:colcon.colcon_core.package_identification:_identify(src/conv_pkg) by extensions ['ignore', 'ignore_ament_install']
[0.295s] Level 1:colcon.colcon_core.package_identification:_identify(src/conv_pkg) by extension 'ignore'
[0.295s] Level 1:colcon.colcon_core.package_identification:_identify(src/conv_pkg) by extension 'ignore_ament_install'
[0.295s] Level 1:colcon.colcon_core.package_identification:_identify(src/conv_pkg) by extensions ['colcon_pkg']
[0.295s] Level 1:colcon.colcon_core.package_identification:_identify(src/conv_pkg) by extension 'colcon_pkg'
[0.295s] Level 1:colcon.colcon_core.package_identification:_identify(src/conv_pkg) by extensions ['colcon_meta']
[0.295s] Level 1:colcon.colcon_core.package_identification:_identify(src/conv_pkg) by extension 'colcon_meta'
[0.295s] Level 1:colcon.colcon_core.package_identification:_identify(src/conv_pkg) by extensions ['ros']
[0.295s] Level 1:colcon.colcon_core.package_identification:_identify(src/conv_pkg) by extension 'ros'
[0.299s] DEBUG:colcon.colcon_core.package_identification:Package 'src/conv_pkg' with type 'ros.ament_cmake' and name 'conv_pkg'
[0.299s] Level 1:colcon.colcon_core.package_discovery:discover_packages(recursive) using defaults
[0.299s] Level 1:colcon.colcon_core.package_discovery:discover_packages(ignore) discover
[0.299s] Level 1:colcon.colcon_core.package_discovery:discover_packages(ignore) using defaults
[0.299s] Level 1:colcon.colcon_core.package_discovery:discover_packages(path) discover
[0.299s] Level 1:colcon.colcon_core.package_discovery:discover_packages(path) using defaults
[0.342s] Level 1:colcon.colcon_core.package_discovery:discover_packages(prefix_path) check parameters
[0.343s] Level 1:colcon.colcon_core.package_discovery:discover_packages(prefix_path) discover
[0.347s] DEBUG:colcon.colcon_installed_package_information.package_discovery:Found 1 installed packages in /home/faseel98/task_ws/install
[0.348s] DEBUG:colcon.colcon_installed_package_information.package_discovery:Found 4 installed packages in /home/faseel98/topas_ws/install
[0.350s] DEBUG:colcon.colcon_installed_package_information.package_discovery:Found 3 installed packages in /home/faseel98/ros2_ws/install
[0.352s] DEBUG:colcon.colcon_installed_package_information.package_discovery:Found 256 installed packages in /opt/ros/foxy
[0.356s] Level 1:colcon.colcon_core.package_discovery:discover_packages(prefix_path) using defaults
[0.461s] Level 5:colcon.colcon_core.verb:set package 'conv_pkg' build argument 'cmake_args' from command line to 'None'
[0.461s] Level 5:colcon.colcon_core.verb:set package 'conv_pkg' build argument 'cmake_target' from command line to 'None'
[0.461s] Level 5:colcon.colcon_core.verb:set package 'conv_pkg' build argument 'cmake_target_skip_unavailable' from command line to 'False'
[0.461s] Level 5:colcon.colcon_core.verb:set package 'conv_pkg' build argument 'cmake_clean_cache' from command line to 'False'
[0.461s] Level 5:colcon.colcon_core.verb:set package 'conv_pkg' build argument 'cmake_clean_first' from command line to 'False'
[0.461s] Level 5:colcon.colcon_core.verb:set package 'conv_pkg' build argument 'cmake_force_configure' from command line to 'False'
[0.461s] Level 5:colcon.colcon_core.verb:set package 'conv_pkg' build argument 'ament_cmake_args' from command line to 'None'
[0.461s] Level 5:colcon.colcon_core.verb:set package 'conv_pkg' build argument 'catkin_cmake_args' from command line to 'None'
[0.461s] Level 5:colcon.colcon_core.verb:set package 'conv_pkg' build argument 'catkin_skip_building_tests' from command line to 'False'
[0.461s] DEBUG:colcon.colcon_core.verb:Building package 'conv_pkg' with the following arguments: {'ament_cmake_args': None, 'build_base': '/home/faseel98/task_ws/build/conv_pkg', 'catkin_cmake_args': None, 'catkin_skip_building_tests': False, 'cmake_args': None, 'cmake_clean_cache': False, 'cmake_clean_first': False, 'cmake_force_configure': False, 'cmake_target': None, 'cmake_target_skip_unavailable': False, 'install_base': '/home/faseel98/task_ws/install/conv_pkg', 'merge_install': False, 'path': '/home/faseel98/task_ws/src/conv_pkg', 'symlink_install': False, 'test_result_base': None}
[0.462s] INFO:colcon.colcon_core.executor:Executing jobs using 'parallel' executor
[0.469s] DEBUG:colcon.colcon_parallel_executor.executor.parallel:run_until_complete
[0.469s] INFO:colcon.colcon_ros.task.ament_cmake.build:Building ROS package in '/home/faseel98/task_ws/src/conv_pkg' with build type 'ament_cmake'
[0.470s] INFO:colcon.colcon_cmake.task.cmake.build:Building CMake package in '/home/faseel98/task_ws/src/conv_pkg'
[0.476s] INFO:colcon.colcon_core.plugin_system:Skipping extension 'colcon_core.shell.bat': Not used on non-Windows systems
[0.476s] INFO:colcon.colcon_core.shell:Skip shell extension 'powershell' for command environment: Not usable outside of PowerShell
[0.476s] DEBUG:colcon.colcon_core.shell:Skip shell extension 'dsv' for command environment
[0.497s] DEBUG:colcon.colcon_core.event_handler.log_command:Invoking command in '/home/faseel98/task_ws/build/conv_pkg': CMAKE_PREFIX_PATH=${CMAKE_PREFIX_PATH}:/home/faseel98/ros2_ws/install/my_py_pkg:/opt/ros/foxy /usr/bin/cmake --build /home/faseel98/task_ws/build/conv_pkg -- -j5 -l5
[6.809s] DEBUG:colcon.colcon_core.event_handler.log_command:Invoked command in '/home/faseel98/task_ws/build/conv_pkg' returned '0': CMAKE_PREFIX_PATH=${CMAKE_PREFIX_PATH}:/home/faseel98/ros2_ws/install/my_py_pkg:/opt/ros/foxy /usr/bin/cmake --build /home/faseel98/task_ws/build/conv_pkg -- -j5 -l5
[6.856s] DEBUG:colcon.colcon_core.event_handler.log_command:Invoking command in '/home/faseel98/task_ws/build/conv_pkg': CMAKE_PREFIX_PATH=${CMAKE_PREFIX_PATH}:/home/faseel98/ros2_ws/install/my_py_pkg:/opt/ros/foxy /usr/bin/cmake --install /home/faseel98/task_ws/build/conv_pkg
[6.871s] Level 1:colcon.colcon_core.environment:create_environment_scripts_only(conv_pkg)
[6.872s] DEBUG:colcon.colcon_core.event_handler.log_command:Invoked command in '/home/faseel98/task_ws/build/conv_pkg' returned '0': CMAKE_PREFIX_PATH=${CMAKE_PREFIX_PATH}:/home/faseel98/ros2_ws/install/my_py_pkg:/opt/ros/foxy /usr/bin/cmake --install /home/faseel98/task_ws/build/conv_pkg
[6.879s] Level 1:colcon.colcon_core.environment:checking '/home/faseel98/task_ws/install/conv_pkg' for CMake module files
[6.880s] Level 1:colcon.colcon_core.environment:checking '/home/faseel98/task_ws/install/conv_pkg' for CMake config files
[6.880s] Level 1:colcon.colcon_core.shell:create_environment_hook('conv_pkg', 'cmake_prefix_path')
[6.883s] INFO:colcon.colcon_core.shell:Creating environment hook '/home/faseel98/task_ws/install/conv_pkg/share/conv_pkg/hook/cmake_prefix_path.ps1'
[6.884s] INFO:colcon.colcon_core.shell:Creating environment descriptor '/home/faseel98/task_ws/install/conv_pkg/share/conv_pkg/hook/cmake_prefix_path.dsv'
[6.884s] INFO:colcon.colcon_core.shell:Creating environment hook '/home/faseel98/task_ws/install/conv_pkg/share/conv_pkg/hook/cmake_prefix_path.sh'
[6.886s] Level 1:colcon.colcon_core.environment:checking '/home/faseel98/task_ws/install/conv_pkg/lib'
[6.886s] Level 1:colcon.colcon_core.environment:checking '/home/faseel98/task_ws/install/conv_pkg/bin'
[6.886s] Level 1:colcon.colcon_core.environment:checking '/home/faseel98/task_ws/install/conv_pkg/lib/pkgconfig/conv_pkg.pc'
[6.886s] Level 1:colcon.colcon_core.environment:checking '/home/faseel98/task_ws/install/conv_pkg/lib/python3.8/site-packages'
[6.887s] Level 1:colcon.colcon_core.environment:checking '/home/faseel98/task_ws/install/conv_pkg/bin'
[6.889s] INFO:colcon.colcon_core.shell:Creating package script '/home/faseel98/task_ws/install/conv_pkg/share/conv_pkg/package.ps1'
[6.890s] INFO:colcon.colcon_core.shell:Creating package descriptor '/home/faseel98/task_ws/install/conv_pkg/share/conv_pkg/package.dsv'
[6.891s] INFO:colcon.colcon_core.shell:Creating package script '/home/faseel98/task_ws/install/conv_pkg/share/conv_pkg/package.sh'
[6.892s] INFO:colcon.colcon_core.shell:Creating package script '/home/faseel98/task_ws/install/conv_pkg/share/conv_pkg/package.bash'
[6.893s] INFO:colcon.colcon_core.shell:Creating package script '/home/faseel98/task_ws/install/conv_pkg/share/conv_pkg/package.zsh'
[6.894s] Level 1:colcon.colcon_core.environment:create_file_with_runtime_dependencies(/home/faseel98/task_ws/install/conv_pkg/share/colcon-core/packages/conv_pkg)
[6.928s] Level 1:colcon.colcon_core.environment:create_environment_scripts_only(conv_pkg)
[6.932s] Level 1:colcon.colcon_core.environment:checking '/home/faseel98/task_ws/install/conv_pkg' for CMake module files
[6.933s] Level 1:colcon.colcon_core.environment:checking '/home/faseel98/task_ws/install/conv_pkg' for CMake config files
[6.933s] Level 1:colcon.colcon_core.shell:create_environment_hook('conv_pkg', 'cmake_prefix_path')
[6.936s] INFO:colcon.colcon_core.shell:Creating environment hook '/home/faseel98/task_ws/install/conv_pkg/share/conv_pkg/hook/cmake_prefix_path.ps1'
[6.936s] INFO:colcon.colcon_core.shell:Creating environment descriptor '/home/faseel98/task_ws/install/conv_pkg/share/conv_pkg/hook/cmake_prefix_path.dsv'
[6.938s] INFO:colcon.colcon_core.shell:Creating environment hook '/home/faseel98/task_ws/install/conv_pkg/share/conv_pkg/hook/cmake_prefix_path.sh'
[6.939s] Level 1:colcon.colcon_core.environment:checking '/home/faseel98/task_ws/install/conv_pkg/lib'
[6.939s] Level 1:colcon.colcon_core.environment:checking '/home/faseel98/task_ws/install/conv_pkg/bin'
[6.939s] Level 1:colcon.colcon_core.environment:checking '/home/faseel98/task_ws/install/conv_pkg/lib/pkgconfig/conv_pkg.pc'
[6.939s] Level 1:colcon.colcon_core.environment:checking '/home/faseel98/task_ws/install/conv_pkg/lib/python3.8/site-packages'
[6.940s] Level 1:colcon.colcon_core.environment:checking '/home/faseel98/task_ws/install/conv_pkg/bin'
[6.942s] INFO:colcon.colcon_core.shell:Creating package script '/home/faseel98/task_ws/install/conv_pkg/share/conv_pkg/package.ps1'
[6.943s] INFO:colcon.colcon_core.shell:Creating package descriptor '/home/faseel98/task_ws/install/conv_pkg/share/conv_pkg/package.dsv'
[6.943s] INFO:colcon.colcon_core.shell:Creating package script '/home/faseel98/task_ws/install/conv_pkg/share/conv_pkg/package.sh'
[6.944s] INFO:colcon.colcon_core.shell:Creating package script '/home/faseel98/task_ws/install/conv_pkg/share/conv_pkg/package.bash'
[6.944s] INFO:colcon.colcon_core.shell:Creating package script '/home/faseel98/task_ws/install/conv_pkg/share/conv_pkg/package.zsh'
[6.945s] Level 1:colcon.colcon_core.environment:create_file_with_runtime_dependencies(/home/faseel98/task_ws/install/conv_pkg/share/colcon-core/packages/conv_pkg)
[6.946s] DEBUG:colcon.colcon_parallel_executor.executor.parallel:closing loop
[6.946s] DEBUG:colcon.colcon_parallel_executor.executor.parallel:loop closed
[6.946s] DEBUG:colcon.colcon_parallel_executor.executor.parallel:run_until_complete finished with '0'
[6.946s] DEBUG:colcon.colcon_core.event_reactor:joining thread
[6.955s] INFO:colcon.colcon_core.plugin_system:Skipping extension 'colcon_notification.desktop_notification.terminal_notifier': Not used on non-Darwin systems
[6.955s] INFO:colcon.colcon_core.plugin_system:Skipping extension 'colcon_notification.desktop_notification.win32': Not used on non-Windows systems
[6.955s] INFO:colcon.colcon_notification.desktop_notification:Sending desktop notification using 'notify2'
[6.973s] DEBUG:colcon.colcon_core.event_reactor:joined thread
[6.975s] INFO:colcon.colcon_core.shell:Creating prefix script '/home/faseel98/task_ws/install/local_setup.ps1'
[6.977s] INFO:colcon.colcon_core.shell:Creating prefix util module '/home/faseel98/task_ws/install/_local_setup_util_ps1.py'
[6.979s] INFO:colcon.colcon_core.shell:Creating prefix chain script '/home/faseel98/task_ws/install/setup.ps1'
[6.982s] INFO:colcon.colcon_core.shell:Creating prefix script '/home/faseel98/task_ws/install/local_setup.sh'
[6.983s] INFO:colcon.colcon_core.shell:Creating prefix util module '/home/faseel98/task_ws/install/_local_setup_util_sh.py'
[6.983s] INFO:colcon.colcon_core.shell:Creating prefix chain script '/home/faseel98/task_ws/install/setup.sh'
[6.986s] INFO:colcon.colcon_core.shell:Creating prefix script '/home/faseel98/task_ws/install/local_setup.bash'
[6.987s] INFO:colcon.colcon_core.shell:Creating prefix chain script '/home/faseel98/task_ws/install/setup.bash'
[6.990s] INFO:colcon.colcon_core.shell:Creating prefix script '/home/faseel98/task_ws/install/local_setup.zsh'
[6.990s] INFO:colcon.colcon_core.shell:Creating prefix chain script '/home/faseel98/task_ws/install/setup.zsh'
